<?xml version="1.0" encoding="UTF-8"?>
<testsuite name="simples.Artigo" tests="1" skipped="0" failures="0" errors="0" timestamp="2021-03-17T23:11:04" hostname="HOME-PC" time="13.779">
  <properties/>
  <testcase name="consultarArtigo" classname="simples.Artigo" time="13.779"/>
  <system-out><![CDATA[]]></system-out>
  <system-err><![CDATA[Starting ChromeDriver 89.0.4389.23 (61b08ee2c50024bab004e48d2b1b083cdbdac579-refs/branch-heads/4389@{#294}) on port 49040
Only local connections are allowed.
Please see https://chromedriver.chromium.org/security-considerations for suggestions on keeping ChromeDriver safe.
ChromeDriver was started successfully.
mar 17, 2021 8:11:10 PM org.openqa.selenium.remote.ProtocolHandshake createSession
INFORMAÇÕES: Detected dialect: W3C
]]></system-err>
</testsuite>
