<?xml version="1.0" encoding="UTF-8"?>
<testsuite name="Scenario: Consultar Ovo de Pascoa" tests="4" skipped="0" failures="0" errors="0" timestamp="2021-03-17T23:11:30" hostname="HOME-PC" time="4.142">
  <properties/>
  <testcase name="Given que acesso a Wikipedia em Portugues" classname="Scenario: Consultar Ovo de Pascoa" time="0.0"/>
  <testcase name="When pesquiso por &quot;Ovo de Páscoa&quot;" classname="Scenario: Consultar Ovo de Pascoa" time="0.001"/>
  <testcase name="Then Exibe a expressao &quot;Ovo de Páscoa&quot; no titulo da guia" classname="Scenario: Consultar Ovo de Pascoa" time="0.0"/>
  <testcase name="classMethod" classname="Scenario: Consultar Ovo de Pascoa" time="14.594"/>
  <system-out><![CDATA[]]></system-out>
  <system-err><![CDATA[Starting ChromeDriver 89.0.4389.23 (61b08ee2c50024bab004e48d2b1b083cdbdac579-refs/branch-heads/4389@{#294}) on port 33719
Only local connections are allowed.
Please see https://chromedriver.chromium.org/security-considerations for suggestions on keeping ChromeDriver safe.
ChromeDriver was started successfully.
Mar 17, 2021 8:11:24 PM org.openqa.selenium.remote.ProtocolHandshake createSession
INFO: Detected dialect: W3C
]]></system-err>
</testsuite>
